#
# There is insufficient memory for the Java Runtime Environment to continue.
# Native memory allocation (malloc) failed to allocate 939936 bytes for Chunk::new
# Possible reasons:
#   The system is out of physical RAM or swap space
#   The process is running with CompressedOops enabled, and the Java Heap may be blocking the growth of the native heap
# Possible solutions:
#   Reduce memory load on the system
#   Increase physical memory or swap space
#   Check if swap backing store is full
#   Decrease Java heap size (-Xmx/-Xms)
#   Decrease number of Java threads
#   Decrease Java thread stack sizes (-Xss)
#   Set larger code cache with -XX:ReservedCodeCacheSize=
#   JVM is running with Unscaled Compressed Oops mode in which the Java heap is
#     placed in the first 4GB address space. The Java Heap base address is the
#     maximum limit for the native heap growth. Please use -XX:HeapBaseMinAddress
#     to set the Java Heap base and to place the Java Heap above 4GB virtual address.
# This output file may be truncated or incomplete.
#
#  Out of Memory Error (arena.cpp:168), pid=8896, tid=16604
#
# JRE version: Java(TM) SE Runtime Environment (21.0.4+8) (build 21.0.4+8-LTS-274)
# Java VM: Java HotSpot(TM) 64-Bit Server VM (21.0.4+8-LTS-274, mixed mode, sharing, tiered, compressed oops, compressed class ptrs, g1 gc, windows-amd64)
# No core dump will be written. Minidumps are not enabled by default on client versions of Windows
#

---------------  S U M M A R Y ------------

Command Line: -javaagent:C:\ JetBrains\IntelliJ IDEA 2024.2\lib\idea_rt.jar=51938:C:\ JetBrains\IntelliJ IDEA 2024.2\bin -Dfile.encoding=UTF-8 -Dsun.stdout.encoding=UTF-8 -Dsun.stderr.encoding=UTF-8 iuh.fit.se.TestRectangle

Host: 11th Gen Intel(R) Core(TM) i3-1115G4 @ 3.00GHz, 4 cores, 3G,  Windows 11 , 64 bit Build 22621 (10.0.22621.3958)
Time: Mon Aug 26 00:04:50 2024 SE Asia Standard Time elapsed time: 170.999549 seconds (0d 0h 2m 50s)

---------------  T H R E A D  ---------------

Current thread (0x000001c0a86cd100):  JavaThread "C2 CompilerThread0" daemon [_thread_in_native, id=16604, stack(0x0000007aeb200000,0x0000007aeb300000) (1024K)]


Current CompileTask:
C2: 170999 1779       4       java.io.ObjectOutputStream::writeClassDesc (60 bytes)

Stack: [0x0000007aeb200000,0x0000007aeb300000]
Native frames: (J=compiled Java code, j=interpreted, Vv=VM code, C=native code)
V  [jvm.dll+0x6c8e59]
V  [jvm.dll+0x853181]
V  [jvm.dll+0x8556ae]
V  [jvm.dll+0x855d83]
V  [jvm.dll+0x27d526]
V  [jvm.dll+0xc4aad]
V  [jvm.dll+0xc4fe3]
V  [jvm.dll+0x2f038f]
V  [jvm.dll+0x5f406a]
V  [jvm.dll+0x24f102]
V  [jvm.dll+0x24f4bf]
V  [jvm.dll+0x2480c4]
V  [jvm.dll+0x245754]
V  [jvm.dll+0x1c69de]
V  [jvm.dll+0x254d49]
V  [jvm.dll+0x2532da]
V  [jvm.dll+0x3ed426]
V  [jvm.dll+0x7fd65b]
V  [jvm.dll+0x6c753d]
C  [ucrtbase.dll+0x29333]
C  [KERNEL32.DLL+0x1257d]
C  [ntdll.dll+0x5af28]


---------------  P R O C E S S  ---------------

Threads class SMR info:
_java_thread_list=0x000001c0ee06ded0, length=16, elements={
0x000001c08db1a590, 0x000001c0a86b7630, 0x000001c0a86b87f0, 0x000001c0a86bca30,
0x000001c0a86bf840, 0x000001c0a86c6530, 0x000001c0a86c6bc0, 0x000001c0a86cd100,
0x000001c0a86cdd50, 0x000001c0a86c5180, 0x000001c0a86c7250, 0x000001c0a86c3dd0,
0x000001c0a86c5810, 0x000001c0a86c4af0, 0x000001c0a86c5ea0, 0x000001c0ee213420
}

Java Threads: ( => current thread )
  0x000001c08db1a590 JavaThread "main"                              [_thread_in_native, id=2004, stack(0x0000007aea400000,0x0000007aea500000) (1024K)]
  0x000001c0a86b7630 JavaThread "Reference Handler"          daemon [_thread_blocked, id=11876, stack(0x0000007aeac00000,0x0000007aead00000) (1024K)]
  0x000001c0a86b87f0 JavaThread "Finalizer"                  daemon [_thread_blocked, id=4712, stack(0x0000007aead00000,0x0000007aeae00000) (1024K)]
  0x000001c0a86bca30 JavaThread "Signal Dispatcher"          daemon [_thread_blocked, id=16304, stack(0x0000007aeae00000,0x0000007aeaf00000) (1024K)]
  0x000001c0a86bf840 JavaThread "Attach Listener"            daemon [_thread_blocked, id=13264, stack(0x0000007aeaf00000,0x0000007aeb000000) (1024K)]
  0x000001c0a86c6530 JavaThread "Service Thread"             daemon [_thread_blocked, id=9688, stack(0x0000007aeb000000,0x0000007aeb100000) (1024K)]
  0x000001c0a86c6bc0 JavaThread "Monitor Deflation Thread"   daemon [_thread_blocked, id=7332, stack(0x0000007aeb100000,0x0000007aeb200000) (1024K)]
=>0x000001c0a86cd100 JavaThread "C2 CompilerThread0"         daemon [_thread_in_native, id=16604, stack(0x0000007aeb200000,0x0000007aeb300000) (1024K)]
  0x000001c0a86cdd50 JavaThread "C1 CompilerThread0"         daemon [_thread_blocked, id=15996, stack(0x0000007aeb300000,0x0000007aeb400000) (1024K)]
  0x000001c0a86c5180 JavaThread "Common-Cleaner"             daemon [_thread_blocked, id=1300, stack(0x0000007aeb400000,0x0000007aeb500000) (1024K)]
  0x000001c0a86c7250 JavaThread "Monitor Ctrl-Break"         daemon [_thread_in_native, id=6148, stack(0x0000007aeb500000,0x0000007aeb600000) (1024K)]
  0x000001c0a86c3dd0 JavaThread "Notification Thread"        daemon [_thread_blocked, id=15028, stack(0x0000007aeb600000,0x0000007aeb700000) (1024K)]
  0x000001c0a86c5810 JavaThread "RMI TCP Accept-0"           daemon [_thread_in_native, id=18388, stack(0x0000007aeb700000,0x0000007aeb800000) (1024K)]
  0x000001c0a86c4af0 JavaThread "RMI Scheduler(0)"           daemon [_thread_blocked, id=21888, stack(0x0000007aeb900000,0x0000007aeba00000) (1024K)]
  0x000001c0a86c5ea0 JavaThread "JMX server connection timeout 25" daemon [_thread_blocked, id=1984, stack(0x0000007aeba00000,0x0000007aebb00000) (1024K)]
  0x000001c0ee213420 JavaThread "RMI TCP Connection(2)-192.168.42.106" daemon [_thread_in_native, id=12256, stack(0x0000007aebe00000,0x0000007aebf00000) (1024K)]
Total: 16

Other Threads:
  0x000001c08dbdc3e0 VMThread "VM Thread"                           [id=21512, stack(0x0000007aeab00000,0x0000007aeac00000) (1024K)]
  0x000001c0a869d960 WatcherThread "VM Periodic Task Thread"        [id=14224, stack(0x0000007aeaa00000,0x0000007aeab00000) (1024K)]
  0x000001c08db51370 WorkerThread "GC Thread#0"                     [id=21308, stack(0x0000007aea500000,0x0000007aea600000) (1024K)]
  0x000001c0ee2bfb10 WorkerThread "GC Thread#1"                     [id=7912, stack(0x0000007aebb00000,0x0000007aebc00000) (1024K)]
  0x000001c0ee713f70 WorkerThread "GC Thread#2"                     [id=9252, stack(0x0000007aebc00000,0x0000007aebd00000) (1024K)]
  0x000001c0ee714310 WorkerThread "GC Thread#3"                     [id=9792, stack(0x0000007aebd00000,0x0000007aebe00000) (1024K)]
  0x000001c08db59d90 ConcurrentGCThread "G1 Main Marker"            [id=20536, stack(0x0000007aea600000,0x0000007aea700000) (1024K)]
  0x000001c08db5a890 WorkerThread "G1 Conc#0"                       [id=19784, stack(0x0000007aea700000,0x0000007aea800000) (1024K)]
  0x000001c08dbb6010 ConcurrentGCThread "G1 Refine#0"               [id=18968, stack(0x0000007aea800000,0x0000007aea900000) (1024K)]
  0x000001c08dbb6b80 ConcurrentGCThread "G1 Service"                [id=12180, stack(0x0000007aea900000,0x0000007aeaa00000) (1024K)]
Total: 10

Threads with active compile tasks:
C2 CompilerThread0   171085 1779       4       java.io.ObjectOutputStream::writeClassDesc (60 bytes)
Total: 1

VM state: not at safepoint (normal execution)

VM Mutex/Monitor currently owned by a thread: None

Heap address: 0x00000000c4200000, size: 958 MB, Compressed Oops mode: 32-bit

CDS archive(s) mapped at: [0x000001c0a9000000-0x000001c0a9c90000-0x000001c0a9c90000), size 13172736, SharedBaseAddress: 0x000001c0a9000000, ArchiveRelocationMode: 1.
Compressed class space mapped at: 0x000001c0aa000000-0x000001c0ea000000, reserved size: 1073741824
Narrow klass base: 0x000001c0a9000000, Narrow klass shift: 0, Narrow klass range: 0x100000000

GC Precious Log:
 CardTable entry size: 512
 Card Set container configuration: InlinePtr #cards 5 size 8 Array Of Cards #cards 12 size 40 Howl #buckets 4 coarsen threshold 1843 Howl Bitmap #cards 512 size 80 coarsen threshold 460 Card regions per heap region 1 cards per card region 2048
 CPUs: 4 total, 4 available
 Memory: 3830M
 Large Page Support: Disabled
 NUMA Support: Disabled
 Compressed Oops: Enabled (32-bit)
 Heap Region Size: 1M
 Heap Min Capacity: 8M
 Heap Initial Capacity: 60M
 Heap Max Capacity: 958M
 Pre-touch: Disabled
 Parallel Workers: 4
 Concurrent Workers: 1
 Concurrent Refinement Workers: 4
 Periodic GC: Disabled

Heap:
 garbage-first heap   total 61440K, used 7392K [0x00000000c4200000, 0x0000000100000000)
  region size 1024K, 7 young (7168K), 2 survivors (2048K)
 Metaspace       used 7307K, committed 7616K, reserved 1114112K
  class space    used 736K, committed 896K, reserved 1048576K

Heap Regions: E=young(eden), S=young(survivor), O=old, HS=humongous(starts), HC=humongous(continues), CS=collection set, F=free, TAMS=top-at-mark-start, PB=parsable bottom
|   0|0x00000000c4200000, 0x00000000c4300000, 0x00000000c4300000|100%| O|  |TAMS 0x00000000c4200000| PB 0x00000000c4200000| Untracked 
|   1|0x00000000c4300000, 0x00000000c4338000, 0x00000000c4400000| 21%| O|  |TAMS 0x00000000c4300000| PB 0x00000000c4300000| Untracked 
|   2|0x00000000c4400000, 0x00000000c4400000, 0x00000000c4500000|  0%| F|  |TAMS 0x00000000c4400000| PB 0x00000000c4400000| Untracked 
|   3|0x00000000c4500000, 0x00000000c4500000, 0x00000000c4600000|  0%| F|  |TAMS 0x00000000c4500000| PB 0x00000000c4500000| Untracked 
|   4|0x00000000c4600000, 0x00000000c4600000, 0x00000000c4700000|  0%| F|  |TAMS 0x00000000c4600000| PB 0x00000000c4600000| Untracked 
|   5|0x00000000c4700000, 0x00000000c4700000, 0x00000000c4800000|  0%| F|  |TAMS 0x00000000c4700000| PB 0x00000000c4700000| Untracked 
|   6|0x00000000c4800000, 0x00000000c4800000, 0x00000000c4900000|  0%| F|  |TAMS 0x00000000c4800000| PB 0x00000000c4800000| Untracked 
|   7|0x00000000c4900000, 0x00000000c4900000, 0x00000000c4a00000|  0%| F|  |TAMS 0x00000000c4900000| PB 0x00000000c4900000| Untracked 
|   8|0x00000000c4a00000, 0x00000000c4a00000, 0x00000000c4b00000|  0%| F|  |TAMS 0x00000000c4a00000| PB 0x00000000c4a00000| Untracked 
|   9|0x00000000c4b00000, 0x00000000c4b00000, 0x00000000c4c00000|  0%| F|  |TAMS 0x00000000c4b00000| PB 0x00000000c4b00000| Untracked 
|  10|0x00000000c4c00000, 0x00000000c4c00000, 0x00000000c4d00000|  0%| F|  |TAMS 0x00000000c4c00000| PB 0x00000000c4c00000| Untracked 
|  11|0x00000000c4d00000, 0x00000000c4d00000, 0x00000000c4e00000|  0%| F|  |TAMS 0x00000000c4d00000| PB 0x00000000c4d00000| Untracked 
|  12|0x00000000c4e00000, 0x00000000c4e00000, 0x00000000c4f00000|  0%| F|  |TAMS 0x00000000c4e00000| PB 0x00000000c4e00000| Untracked 
|  13|0x00000000c4f00000, 0x00000000c4f00000, 0x00000000c5000000|  0%| F|  |TAMS 0x00000000c4f00000| PB 0x00000000c4f00000| Untracked 
|  14|0x00000000c5000000, 0x00000000c5000000, 0x00000000c5100000|  0%| F|  |TAMS 0x00000000c5000000| PB 0x00000000c5000000| Untracked 
|  15|0x00000000c5100000, 0x00000000c5100000, 0x00000000c5200000|  0%| F|  |TAMS 0x00000000c5100000| PB 0x00000000c5100000| Untracked 
|  16|0x00000000c5200000, 0x00000000c5200000, 0x00000000c5300000|  0%| F|  |TAMS 0x00000000c5200000| PB 0x00000000c5200000| Untracked 
|  17|0x00000000c5300000, 0x00000000c5300000, 0x00000000c5400000|  0%| F|  |TAMS 0x00000000c5300000| PB 0x00000000c5300000| Untracked 
|  18|0x00000000c5400000, 0x00000000c5400000, 0x00000000c5500000|  0%| F|  |TAMS 0x00000000c5400000| PB 0x00000000c5400000| Untracked 
|  19|0x00000000c5500000, 0x00000000c5500000, 0x00000000c5600000|  0%| F|  |TAMS 0x00000000c5500000| PB 0x00000000c5500000| Untracked 
|  20|0x00000000c5600000, 0x00000000c5600000, 0x00000000c5700000|  0%| F|  |TAMS 0x00000000c5600000| PB 0x00000000c5600000| Untracked 
|  21|0x00000000c5700000, 0x00000000c5700000, 0x00000000c5800000|  0%| F|  |TAMS 0x00000000c5700000| PB 0x00000000c5700000| Untracked 
|  22|0x00000000c5800000, 0x00000000c5800000, 0x00000000c5900000|  0%| F|  |TAMS 0x00000000c5800000| PB 0x00000000c5800000| Untracked 
|  23|0x00000000c5900000, 0x00000000c5900000, 0x00000000c5a00000|  0%| F|  |TAMS 0x00000000c5900000| PB 0x00000000c5900000| Untracked 
|  24|0x00000000c5a00000, 0x00000000c5a00000, 0x00000000c5b00000|  0%| F|  |TAMS 0x00000000c5a00000| PB 0x00000000c5a00000| Untracked 
|  25|0x00000000c5b00000, 0x00000000c5b00000, 0x00000000c5c00000|  0%| F|  |TAMS 0x00000000c5b00000| PB 0x00000000c5b00000| Untracked 
|  26|0x00000000c5c00000, 0x00000000c5c00000, 0x00000000c5d00000|  0%| F|  |TAMS 0x00000000c5c00000| PB 0x00000000c5c00000| Untracked 
|  27|0x00000000c5d00000, 0x00000000c5d00000, 0x00000000c5e00000|  0%| F|  |TAMS 0x00000000c5d00000| PB 0x00000000c5d00000| Untracked 
|  28|0x00000000c5e00000, 0x00000000c5e00000, 0x00000000c5f00000|  0%| F|  |TAMS 0x00000000c5e00000| PB 0x00000000c5e00000| Untracked 
|  29|0x00000000c5f00000, 0x00000000c5f00000, 0x00000000c6000000|  0%| F|  |TAMS 0x00000000c5f00000| PB 0x00000000c5f00000| Untracked 
|  30|0x00000000c6000000, 0x00000000c6000000, 0x00000000c6100000|  0%| F|  |TAMS 0x00000000c6000000| PB 0x00000000c6000000| Untracked 
|  31|0x00000000c6100000, 0x00000000c6100000, 0x00000000c6200000|  0%| F|  |TAMS 0x00000000c6100000| PB 0x00000000c6100000| Untracked 
|  32|0x00000000c6200000, 0x00000000c6200000, 0x00000000c6300000|  0%| F|  |TAMS 0x00000000c6200000| PB 0x00000000c6200000| Untracked 
|  33|0x00000000c6300000, 0x00000000c6300000, 0x00000000c6400000|  0%| F|  |TAMS 0x00000000c6300000| PB 0x00000000c6300000| Untracked 
|  34|0x00000000c6400000, 0x00000000c6400000, 0x00000000c6500000|  0%| F|  |TAMS 0x00000000c6400000| PB 0x00000000c6400000| Untracked 
|  35|0x00000000c6500000, 0x00000000c6500000, 0x00000000c6600000|  0%| F|  |TAMS 0x00000000c6500000| PB 0x00000000c6500000| Untracked 
|  36|0x00000000c6600000, 0x00000000c6600000, 0x00000000c6700000|  0%| F|  |TAMS 0x00000000c6600000| PB 0x00000000c6600000| Untracked 
|  37|0x00000000c6700000, 0x00000000c6700000, 0x00000000c6800000|  0%| F|  |TAMS 0x00000000c6700000| PB 0x00000000c6700000| Untracked 
|  38|0x00000000c6800000, 0x00000000c6800000, 0x00000000c6900000|  0%| F|  |TAMS 0x00000000c6800000| PB 0x00000000c6800000| Untracked 
|  39|0x00000000c6900000, 0x00000000c6900000, 0x00000000c6a00000|  0%| F|  |TAMS 0x00000000c6900000| PB 0x00000000c6900000| Untracked 
|  40|0x00000000c6a00000, 0x00000000c6a00000, 0x00000000c6b00000|  0%| F|  |TAMS 0x00000000c6a00000| PB 0x00000000c6a00000| Untracked 
|  41|0x00000000c6b00000, 0x00000000c6b00000, 0x00000000c6c00000|  0%| F|  |TAMS 0x00000000c6b00000| PB 0x00000000c6b00000| Untracked 
|  42|0x00000000c6c00000, 0x00000000c6c00000, 0x00000000c6d00000|  0%| F|  |TAMS 0x00000000c6c00000| PB 0x00000000c6c00000| Untracked 
|  43|0x00000000c6d00000, 0x00000000c6d00000, 0x00000000c6e00000|  0%| F|  |TAMS 0x00000000c6d00000| PB 0x00000000c6d00000| Untracked 
|  44|0x00000000c6e00000, 0x00000000c6e00000, 0x00000000c6f00000|  0%| F|  |TAMS 0x00000000c6e00000| PB 0x00000000c6e00000| Untracked 
|  45|0x00000000c6f00000, 0x00000000c7000000, 0x00000000c7000000|100%| S|CS|TAMS 0x00000000c6f00000| PB 0x00000000c6f00000| Complete 
|  46|0x00000000c7000000, 0x00000000c7100000, 0x00000000c7100000|100%| S|CS|TAMS 0x00000000c7000000| PB 0x00000000c7000000| Complete 
|  47|0x00000000c7100000, 0x00000000c7100000, 0x00000000c7200000|  0%| F|  |TAMS 0x00000000c7100000| PB 0x00000000c7100000| Untracked 
|  48|0x00000000c7200000, 0x00000000c7200000, 0x00000000c7300000|  0%| F|  |TAMS 0x00000000c7200000| PB 0x00000000c7200000| Untracked 
|  49|0x00000000c7300000, 0x00000000c7300000, 0x00000000c7400000|  0%| F|  |TAMS 0x00000000c7300000| PB 0x00000000c7300000| Untracked 
|  50|0x00000000c7400000, 0x00000000c7400000, 0x00000000c7500000|  0%| F|  |TAMS 0x00000000c7400000| PB 0x00000000c7400000| Untracked 
|  51|0x00000000c7500000, 0x00000000c7500000, 0x00000000c7600000|  0%| F|  |TAMS 0x00000000c7500000| PB 0x00000000c7500000| Untracked 
|  52|0x00000000c7600000, 0x00000000c7600000, 0x00000000c7700000|  0%| F|  |TAMS 0x00000000c7600000| PB 0x00000000c7600000| Untracked 
|  53|0x00000000c7700000, 0x00000000c7700000, 0x00000000c7800000|  0%| F|  |TAMS 0x00000000c7700000| PB 0x00000000c7700000| Untracked 
|  54|0x00000000c7800000, 0x00000000c7800000, 0x00000000c7900000|  0%| F|  |TAMS 0x00000000c7800000| PB 0x00000000c7800000| Untracked 
|  55|0x00000000c7900000, 0x00000000c797bd90, 0x00000000c7a00000| 48%| E|  |TAMS 0x00000000c7900000| PB 0x00000000c7900000| Complete 
|  56|0x00000000c7a00000, 0x00000000c7b00000, 0x00000000c7b00000|100%| E|CS|TAMS 0x00000000c7a00000| PB 0x00000000c7a00000| Complete 
|  57|0x00000000c7b00000, 0x00000000c7c00000, 0x00000000c7c00000|100%| E|CS|TAMS 0x00000000c7b00000| PB 0x00000000c7b00000| Complete 
|  58|0x00000000c7c00000, 0x00000000c7d00000, 0x00000000c7d00000|100%| E|CS|TAMS 0x00000000c7c00000| PB 0x00000000c7c00000| Complete 
|  59|0x00000000c7d00000, 0x00000000c7e00000, 0x00000000c7e00000|100%| E|CS|TAMS 0x00000000c7d00000| PB 0x00000000c7d00000| Complete 

Card table byte_map: [0x000001c0a5170000,0x000001c0a5350000] _byte_map_base: 0x000001c0a4b4f000

Marking Bits: (CMBitMap*) 0x000001c08db51a70
 Bits: [0x000001c0a5350000, 0x000001c0a6248000)

Polling page: 0x000001c08bcb0000

Metaspace:

Usage:
  Non-class:      6.42 MB used.
      Class:    736.66 KB used.
       Both:      7.14 MB used.

Virtual space:
  Non-class space:       64.00 MB reserved,       6.56 MB ( 10%) committed,  1 nodes.
      Class space:        1.00 GB reserved,     896.00 KB ( <1%) committed,  1 nodes.
             Both:        1.06 GB reserved,       7.44 MB ( <1%) committed. 

Chunk freelists:
   Non-Class:  8.91 MB
       Class:  15.15 MB
        Both:  24.06 MB

MaxMetaspaceSize: unlimited
CompressedClassSpaceSize: 1.00 GB
Initial GC threshold: 21.00 MB
Current GC threshold: 21.00 MB
CDS: on
 - commit_granule_bytes: 65536.
 - commit_granule_words: 8192.
 - virtual_space_node_default_size: 8388608.
 - enlarge_chunks_in_place: 1.
 - use_allocation_guard: 0.


Internal statistics:

num_allocs_failed_limit: 0.
num_arena_births: 300.
num_arena_deaths: 0.
num_vsnodes_births: 2.
num_vsnodes_deaths: 0.
num_space_committed: 119.
num_space_uncommitted: 0.
num_chunks_returned_to_freelist: 0.
num_chunks_taken_from_freelist: 390.
num_chunk_merges: 0.
num_chunk_splits: 230.
num_chunks_enlarged: 86.
num_inconsistent_stats: 0.

CodeHeap 'non-profiled nmethods': size=120000Kb used=562Kb max_used=562Kb free=119437Kb
 bounds [0x000001c09da60000, 0x000001c09dcd0000, 0x000001c0a4f90000]
CodeHeap 'profiled nmethods': size=120000Kb used=3346Kb max_used=3346Kb free=116653Kb
 bounds [0x000001c095f90000, 0x000001c0962e0000, 0x000001c09d4c0000]
CodeHeap 'non-nmethods': size=5760Kb used=1544Kb max_used=1570Kb free=4215Kb
 bounds [0x000001c09d4c0000, 0x000001c09d730000, 0x000001c09da60000]
 total_blobs=2267 nmethods=1770 adapters=402
 compilation: enabled
              stopped_count=0, restarted_count=0
 full_count=0

Compilation events (20 events):
Event: 157.224 Thread 0x000001c0a86cdd50 nmethod 1770 0x000001c0962c9110 code [0x000001c0962c9500, 0x000001c0962cad90]
Event: 157.224 Thread 0x000001c0a86cdd50 1771       3       javax.management.StandardMBean::getAttribute (9 bytes)
Event: 157.226 Thread 0x000001c0a86cdd50 nmethod 1771 0x000001c0962cb790 code [0x000001c0962cb960, 0x000001c0962cbbf8]
Event: 157.226 Thread 0x000001c0a86cdd50 1772       3       com.sun.jmx.mbeanserver.MBeanSupport::getAttribute (17 bytes)
Event: 157.226 Thread 0x000001c0a86cdd50 nmethod 1772 0x000001c0962cbd10 code [0x000001c0962cbec0, 0x000001c0962cc0f8]
Event: 157.226 Thread 0x000001c0a86cdd50 1773       3       com.sun.jmx.mbeanserver.PerInterface::getAttribute (75 bytes)
Event: 157.228 Thread 0x000001c0a86cdd50 nmethod 1773 0x000001c0962cc210 code [0x000001c0962cc420, 0x000001c0962cc968]
Event: 157.229 Thread 0x000001c0a86cdd50 1769       3       java.lang.invoke.LambdaForm$DMH/0x000001c0aa0cd000::invokeInterface (25 bytes)
Event: 157.229 Thread 0x000001c0a86cdd50 nmethod 1769 0x000001c0962ccb90 code [0x000001c0962ccd80, 0x000001c0962cd528]
Event: 168.684 Thread 0x000001c0a86cd100 1774   !   4       java.io.BufferedInputStream::read (54 bytes)
Event: 168.713 Thread 0x000001c0a86cd100 nmethod 1774 0x000001c09daea990 code [0x000001c09daeaba0, 0x000001c09daeb2f0]
Event: 168.714 Thread 0x000001c0a86cd100 1775       4       java.io.BufferedInputStream::implRead (49 bytes)
Event: 168.716 Thread 0x000001c0a86cd100 nmethod 1775 0x000001c09daeb790 code [0x000001c09daeb940, 0x000001c09daebcc8]
Event: 169.831 Thread 0x000001c0a86cd100 1776       4       java.lang.String::<init> (99 bytes)
Event: 169.855 Thread 0x000001c0a86cd100 nmethod 1776 0x000001c09daebe10 code [0x000001c09daebfe0, 0x000001c09daec840]
Event: 170.874 Thread 0x000001c0a86cdd50 1777   !   3       java.io.ObjectStreamClass::newInstance (157 bytes)
Event: 170.876 Thread 0x000001c0a86cd100 1779       4       java.io.ObjectOutputStream::writeClassDesc (60 bytes)
Event: 170.889 Thread 0x000001c0a86cdd50 nmethod 1777 0x000001c0962cd690 code [0x000001c0962cdac0, 0x000001c0962cf5b8]
Event: 170.889 Thread 0x000001c0a86cdd50 1778   !   3       java.io.ObjectInputStream::readSerialData (474 bytes)
Event: 170.893 Thread 0x000001c0a86cdd50 nmethod 1778 0x000001c0962d0610 code [0x000001c0962d0b20, 0x000001c0962d3690]

GC Heap History (2 events):
Event: 2.487 GC heap before
{Heap before GC invocations=0 (full 0):
 garbage-first heap   total 61440K, used 13312K [0x00000000c4200000, 0x0000000100000000)
  region size 1024K, 13 young (13312K), 0 survivors (0K)
 Metaspace       used 6731K, committed 7040K, reserved 1114112K
  class space    used 723K, committed 896K, reserved 1048576K
}
Event: 2.499 GC heap after
{Heap after GC invocations=1 (full 0):
 garbage-first heap   total 61440K, used 3296K [0x00000000c4200000, 0x0000000100000000)
  region size 1024K, 2 young (2048K), 2 survivors (2048K)
 Metaspace       used 6731K, committed 7040K, reserved 1114112K
  class space    used 723K, committed 896K, reserved 1048576K
}

Dll operation events (12 events):
Event: 0.012 Loaded shared library C:\Program Files\Java\jdk-21\bin\java.dll
Event: 0.059 Loaded shared library C:\Program Files\Java\jdk-21\bin\jsvml.dll
Event: 0.105 Loaded shared library C:\Program Files\Java\jdk-21\bin\zip.dll
Event: 0.109 Loaded shared library C:\Program Files\Java\jdk-21\bin\instrument.dll
Event: 0.116 Loaded shared library C:\Program Files\Java\jdk-21\bin\net.dll
Event: 0.118 Loaded shared library C:\Program Files\Java\jdk-21\bin\nio.dll
Event: 0.121 Loaded shared library C:\Program Files\Java\jdk-21\bin\zip.dll
Event: 0.132 Loaded shared library C:\ JetBrains\IntelliJ IDEA 2024.2\bin\breakgen64.dll
Event: 0.141 Loaded shared library C:\Program Files\Java\jdk-21\bin\extnet.dll
Event: 0.142 Loaded shared library C:\Program Files\Java\jdk-21\bin\jimage.dll
Event: 0.401 Loaded shared library C:\Program Files\Java\jdk-21\bin\management.dll
Event: 0.418 Loaded shared library C:\Program Files\Java\jdk-21\bin\management_ext.dll

Deoptimization events (20 events):
Event: 0.573 Thread 0x000001c0a86bf840 DEOPT PACKING pc=0x000001c09da9ca94 sp=0x0000007aeaffd6f0
Event: 0.573 Thread 0x000001c0a86bf840 DEOPT UNPACKING pc=0x000001c09d517da2 sp=0x0000007aeaffd668 mode 2
Event: 0.668 Thread 0x000001c0a86bf840 DEOPT PACKING pc=0x000001c09608e0d5 sp=0x0000007aeaffd340
Event: 0.668 Thread 0x000001c0a86bf840 DEOPT UNPACKING pc=0x000001c09d5188e2 sp=0x0000007aeaffc7c8 mode 0
Event: 0.676 Thread 0x000001c0a86bf840 DEOPT PACKING pc=0x000001c09608e0d5 sp=0x0000007aeaffd340
Event: 0.676 Thread 0x000001c0a86bf840 DEOPT UNPACKING pc=0x000001c09d5188e2 sp=0x0000007aeaffc7c8 mode 0
Event: 0.683 Thread 0x000001c0a86bf840 DEOPT PACKING pc=0x000001c09608e0d5 sp=0x0000007aeaffd400
Event: 0.683 Thread 0x000001c0a86bf840 DEOPT UNPACKING pc=0x000001c09d5188e2 sp=0x0000007aeaffc870 mode 0
Event: 0.723 Thread 0x000001c0a86bf840 Uncommon trap: trap_request=0xffffffde fr.pc=0x000001c09da8e260 relative=0x0000000000000c60
Event: 0.723 Thread 0x000001c0a86bf840 Uncommon trap: reason=class_check action=maybe_recompile pc=0x000001c09da8e260 method=java.util.HashMap.putVal(ILjava/lang/Object;Ljava/lang/Object;ZZ)Ljava/lang/Object; @ 91 c2
Event: 0.723 Thread 0x000001c0a86bf840 DEOPT PACKING pc=0x000001c09da8e260 sp=0x0000007aeaffdeb0
Event: 0.723 Thread 0x000001c0a86bf840 DEOPT UNPACKING pc=0x000001c09d517da2 sp=0x0000007aeaffddf8 mode 2
Event: 1.690 Thread 0x000001c0a86c5ea0 DEOPT PACKING pc=0x000001c095fbca78 sp=0x0000007aebafd490
Event: 1.690 Thread 0x000001c0a86c5ea0 DEOPT UNPACKING pc=0x000001c09d5188e2 sp=0x0000007aebafc8b0 mode 0
Event: 2.500 Thread 0x000001c0a86c4460 Uncommon trap: trap_request=0xffffff45 fr.pc=0x000001c09dab4c94 relative=0x00000000000000f4
Event: 2.500 Thread 0x000001c0a86c4460 Uncommon trap: reason=unstable_if action=reinterpret pc=0x000001c09dab4c94 method=java.lang.ref.SoftReference.get()Ljava/lang/Object; @ 17 c2
Event: 2.501 Thread 0x000001c0a86c4460 DEOPT PACKING pc=0x000001c09dab4c94 sp=0x0000007aeb8fe770
Event: 2.501 Thread 0x000001c0a86c4460 DEOPT UNPACKING pc=0x000001c09d517da2 sp=0x0000007aeb8fe728 mode 2
Event: 2.722 Thread 0x000001c0a86c4460 DEOPT PACKING pc=0x000001c09608e949 sp=0x0000007aeb8fdd60
Event: 2.722 Thread 0x000001c0a86c4460 DEOPT UNPACKING pc=0x000001c09d5188e2 sp=0x0000007aeb8fd1d8 mode 0

Classes loaded (20 events):
Event: 1.811 Loading class javax/management/remote/rmi/RMIConnectionImpl$PrivilegedOperation
Event: 1.811 Loading class javax/management/remote/rmi/RMIConnectionImpl$PrivilegedOperation done
Event: 1.834 Loading class sun/reflect/misc/MethodUtil
Event: 1.834 Loading class sun/reflect/misc/MethodUtil done
Event: 1.834 Loading class sun/reflect/misc/MethodUtil$1
Event: 1.834 Loading class sun/reflect/misc/MethodUtil$1 done
Event: 1.835 Loading class java/security/AllPermissionCollection
Event: 1.835 Loading class java/security/AllPermissionCollection done
Event: 1.835 Loading class java/lang/UnsupportedOperationException
Event: 1.836 Loading class java/lang/UnsupportedOperationException done
Event: 1.836 Loading class java/lang/IllegalAccessException
Event: 1.836 Loading class java/lang/IllegalAccessException done
Event: 2.466 Loading class java/lang/NumberFormatException
Event: 2.466 Loading class java/lang/NumberFormatException done
Event: 2.525 Loading class javax/management/openmbean/CompositeDataSupport
Event: 2.525 Loading class javax/management/openmbean/CompositeDataSupport done
Event: 2.527 Loading class javax/management/openmbean/OpenDataException
Event: 2.527 Loading class javax/management/openmbean/OpenDataException done
Event: 2.532 Loading class java/io/ObjectStreamException
Event: 2.532 Loading class java/io/ObjectStreamException done

Classes unloaded (0 events):
No events

Classes redefined (0 events):
No events

Internal exceptions (20 events):
Event: 0.422 Thread 0x000001c0a86bf840 Exception <a 'java/lang/IncompatibleClassChangeError'{0x00000000c79a0918}: Found class java.lang.Object, but interface was expected> (0x00000000c79a0918) 
thrown [s\open\src\hotspot\share\interpreter\linkResolver.cpp, line 840]
Event: 0.473 Thread 0x000001c0a86bf840 Exception <a 'java/lang/NoSuchMethodError'{0x00000000c7867200}: 'int java.lang.invoke.DirectMethodHandle$Holder.invokeSpecial(java.lang.Object, java.lang.Object, java.lang.Object)'> (0x00000000c7867200) 
thrown [s\open\src\hotspot\share\interpreter\linkResolver.cpp, line 773]
Event: 0.521 Thread 0x000001c0a86bf840 Exception <a 'java/lang/NoSuchMethodError'{0x00000000c77a70c0}: 'java.lang.Object java.lang.invoke.DirectMethodHandle$Holder.invokeStaticInit(java.lang.Object, java.lang.Object, java.lang.Object)'> (0x00000000c77a70c0) 
thrown [s\open\src\hotspot\share\interpreter\linkResolver.cpp, line 773]
Event: 0.659 Thread 0x000001c0a86bf840 Exception <a 'java/lang/NoSuchMethodError'{0x00000000c730e350}: 'java.lang.Object java.lang.invoke.DirectMethodHandle$Holder.invokeStaticInit(java.lang.Object, int, int, int, int)'> (0x00000000c730e350) 
thrown [s\open\src\hotspot\share\interpreter\linkResolver.cpp, line 773]
Event: 0.685 Thread 0x000001c0a86bf840 Exception <a 'java/lang/NoSuchMethodError'{0x00000000c73bbd80}: 'java.lang.Object java.lang.invoke.DirectMethodHandle$Holder.invokeStaticInit(java.lang.Object, java.lang.Object, int, int, int, int)'> (0x00000000c73bbd80) 
thrown [s\open\src\hotspot\share\interpreter\linkResolver.cpp, line 773]
Event: 0.716 Thread 0x000001c0a86bf840 Exception <a 'java/lang/ClassNotFoundException'{0x00000000c73d8978}: javax/management/remote/rmi/RMIServerImpl_Skel> (0x00000000c73d8978) 
thrown [s\open\src\hotspot\share\classfile\systemDictionary.cpp, line 312]
Event: 0.735 Thread 0x000001c0a86bf840 Exception <a 'java/lang/NoSuchMethodError'{0x00000000c73f3790}: 'long java.lang.invoke.DirectMethodHandle$Holder.invokeSpecial(java.lang.Object, java.lang.Object)'> (0x00000000c73f3790) 
thrown [s\open\src\hotspot\share\interpreter\linkResolver.cpp, line 773]
Event: 0.736 Thread 0x000001c0a86bf840 Exception <a 'java/lang/NoSuchMethodError'{0x00000000c73f6e58}: 'long java.lang.invoke.Invokers$Holder.invokeExact_MT(java.lang.Object, java.lang.Object)'> (0x00000000c73f6e58) 
thrown [s\open\src\hotspot\share\interpreter\linkResolver.cpp, line 773]
Event: 0.747 Thread 0x000001c0a86bf840 Exception <a 'java/lang/NoSuchMethodError'{0x00000000c72109d8}: 'void java.lang.invoke.DirectMethodHandle$Holder.invokeSpecial(java.lang.Object, java.lang.Object, java.lang.Object)'> (0x00000000c72109d8) 
thrown [s\open\src\hotspot\share\interpreter\linkResolver.cpp, line 773]
Event: 1.652 Thread 0x000001c0a86c4460 Exception <a 'java/lang/NoSuchMethodError'{0x00000000c72f0d30}: static [B.<clinit>()V> (0x00000000c72f0d30) 
thrown [s\open\src\hotspot\share\prims\jni.cpp, line 1111]
Event: 1.664 Thread 0x000001c0a86c4460 Exception <a 'java/lang/NoSuchMethodError'{0x00000000c72f4d38}: 'java.lang.Object java.lang.invoke.DirectMethodHandle$Holder.invokeInterface(java.lang.Object, java.lang.Object, java.lang.Object)'> (0x00000000c72f4d38) 
thrown [s\open\src\hotspot\share\interpreter\linkResolver.cpp, line 773]
Event: 1.675 Thread 0x000001c0a86c4460 Exception <a 'java/lang/ClassNotFoundException'{0x00000000c711a628}: javax/management/remote/rmi/RMIConnectionImpl_Skel> (0x00000000c711a628) 
thrown [s\open\src\hotspot\share\classfile\systemDictionary.cpp, line 312]
Event: 1.691 Thread 0x000001c0a86c5ea0 Exception <a 'java/lang/NoSuchMethodError'{0x00000000c716e6f0}: 'java.lang.Object java.lang.invoke.Invokers$Holder.linkToTargetMethod(java.lang.Object, long, java.lang.Object)'> (0x00000000c716e6f0) 
thrown [s\open\src\hotspot\share\interpreter\linkResolver.cpp, line 773]
Event: 1.742 Thread 0x000001c0a86c4460 Exception <a 'java/lang/NoSuchMethodError'{0x00000000c713c638}: 'java.lang.Object java.lang.invoke.DirectMethodHandle$Holder.invokeInterface(java.lang.Object, java.lang.Object)'> (0x00000000c713c638) 
thrown [s\open\src\hotspot\share\interpreter\linkResolver.cpp, line 773]
Event: 1.807 Thread 0x000001c0a86c4460 Exception <a 'java/lang/NoSuchMethodError'{0x00000000c719f640}: 'int java.lang.invoke.DelegatingMethodHandle$Holder.reinvoke_L(java.lang.Object, java.lang.Object, java.lang.Object, java.lang.Object, java.lang.Object)'> (0x00000000c719f640) 
thrown [s\open\src\hotspot\share\interpreter\linkResolver.cpp, line 773]
Event: 1.827 Thread 0x000001c0a86c4460 Exception <a 'java/lang/NoSuchMethodError'{0x00000000c71badf8}: 'java.lang.Object java.lang.invoke.DirectMethodHandle$Holder.invokeInterface(java.lang.Object, java.lang.Object, java.lang.Object, java.lang.Object, java.lang.Object)'> (0x00000000c71badf8) 
thrown [s\open\src\hotspot\share\interpreter\linkResolver.cpp, line 773]
Event: 1.837 Thread 0x000001c0a86c4460 Exception <a 'java/lang/NoSuchMethodError'{0x00000000c71de0b8}: 'double java.lang.invoke.DirectMethodHandle$Holder.invokeInterface(java.lang.Object, java.lang.Object)'> (0x00000000c71de0b8) 
thrown [s\open\src\hotspot\share\interpreter\linkResolver.cpp, line 773]
Event: 1.838 Thread 0x000001c0a86c4460 Exception <a 'java/lang/NoSuchMethodError'{0x00000000c71e5828}: 'double java.lang.invoke.DelegatingMethodHandle$Holder.reinvoke_L(java.lang.Object, java.lang.Object)'> (0x00000000c71e5828) 
thrown [s\open\src\hotspot\share\interpreter\linkResolver.cpp, line 773]
Event: 2.523 Thread 0x000001c0a86c4460 Exception <a 'java/lang/NoSuchMethodError'{0x00000000c7d03b40}: 'long java.lang.invoke.DirectMethodHandle$Holder.invokeVirtual(java.lang.Object, java.lang.Object)'> (0x00000000c7d03b40) 
thrown [s\open\src\hotspot\share\interpreter\linkResolver.cpp, line 773]
Event: 2.524 Thread 0x000001c0a86c4460 Exception <a 'java/lang/NoSuchMethodError'{0x00000000c7d070c0}: 'long java.lang.invoke.DelegatingMethodHandle$Holder.reinvoke_L(java.lang.Object, java.lang.Object)'> (0x00000000c7d070c0) 
thrown [s\open\src\hotspot\share\interpreter\linkResolver.cpp, line 773]

ZGC Phase Switch (0 events):
No events

VM Operations (20 events):
Event: 111.469 Executing VM operation: Cleanup
Event: 111.470 Executing VM operation: Cleanup done
Event: 121.565 Executing VM operation: Cleanup
Event: 121.565 Executing VM operation: Cleanup done
Event: 130.626 Executing VM operation: Cleanup
Event: 130.635 Executing VM operation: Cleanup done
Event: 131.639 Executing VM operation: Cleanup
Event: 131.639 Executing VM operation: Cleanup done
Event: 139.691 Executing VM operation: Cleanup
Event: 139.691 Executing VM operation: Cleanup done
Event: 141.709 Executing VM operation: Cleanup
Event: 141.709 Executing VM operation: Cleanup done
Event: 150.791 Executing VM operation: Cleanup
Event: 150.791 Executing VM operation: Cleanup done
Event: 154.823 Executing VM operation: Cleanup
Event: 154.823 Executing VM operation: Cleanup done
Event: 158.859 Executing VM operation: Cleanup
Event: 158.859 Executing VM operation: Cleanup done
Event: 168.951 Executing VM operation: Cleanup
Event: 168.952 Executing VM operation: Cleanup done

Events (18 events):
Event: 0.033 Thread 0x000001c08db1a590 Thread added: 0x000001c08db1a590
Event: 0.056 Thread 0x000001c0a86b7630 Thread added: 0x000001c0a86b7630
Event: 0.056 Thread 0x000001c0a86b87f0 Thread added: 0x000001c0a86b87f0
Event: 0.057 Thread 0x000001c0a86bca30 Thread added: 0x000001c0a86bca30
Event: 0.057 Thread 0x000001c0a86bf840 Thread added: 0x000001c0a86bf840
Event: 0.057 Thread 0x000001c0a86c6530 Thread added: 0x000001c0a86c6530
Event: 0.057 Thread 0x000001c0a86c6bc0 Thread added: 0x000001c0a86c6bc0
Event: 0.057 Thread 0x000001c0a86cd100 Thread added: 0x000001c0a86cd100
Event: 0.057 Thread 0x000001c0a86cdd50 Thread added: 0x000001c0a86cdd50
Event: 0.080 Thread 0x000001c0a86c5180 Thread added: 0x000001c0a86c5180
Event: 0.133 Thread 0x000001c0a86c7250 Thread added: 0x000001c0a86c7250
Event: 0.133 Thread 0x000001c0a86c3dd0 Thread added: 0x000001c0a86c3dd0
Event: 0.729 Thread 0x000001c0a86c5810 Thread added: 0x000001c0a86c5810
Event: 1.541 Thread 0x000001c0a86c4460 Thread added: 0x000001c0a86c4460
Event: 1.651 Thread 0x000001c0a86c4af0 Thread added: 0x000001c0a86c4af0
Event: 1.672 Thread 0x000001c0a86c5ea0 Thread added: 0x000001c0a86c5ea0
Event: 29.856 Thread 0x000001c0ee213420 Thread added: 0x000001c0ee213420
Event: 107.040 Thread 0x000001c0a86c4460 Thread exited: 0x000001c0a86c4460


Dynamic libraries:
0x00007ff7b52c0000 - 0x00007ff7b52d0000 	C:\Program Files\Java\jdk-21\bin\java.exe
0x00007ffd5a2d0000 - 0x00007ffd5a4e7000 	C:\WINDOWS\SYSTEM32\ntdll.dll
0x00007ffd39460000 - 0x00007ffd3947a000 	C:\Program Files\AVG\Antivirus\aswhook.dll
0x00007ffd59160000 - 0x00007ffd59224000 	C:\WINDOWS\System32\KERNEL32.DLL
0x00007ffd578c0000 - 0x00007ffd57c6d000 	C:\WINDOWS\System32\KERNELBASE.dll
0x00007ffd576e0000 - 0x00007ffd577f1000 	C:\WINDOWS\System32\ucrtbase.dll
0x00007ffd40600000 - 0x00007ffd4061b000 	C:\Program Files\Java\jdk-21\bin\VCRUNTIME140.dll
0x00007ffd50430000 - 0x00007ffd50449000 	C:\Program Files\Java\jdk-21\bin\jli.dll
0x00007ffd5a110000 - 0x00007ffd5a1c2000 	C:\WINDOWS\System32\ADVAPI32.dll
0x00007ffd58860000 - 0x00007ffd58907000 	C:\WINDOWS\System32\msvcrt.dll
0x00007ffd593a0000 - 0x00007ffd59449000 	C:\WINDOWS\System32\sechost.dll
0x00007ffd57f30000 - 0x00007ffd57f58000 	C:\WINDOWS\System32\bcrypt.dll
0x00007ffd59230000 - 0x00007ffd59344000 	C:\WINDOWS\System32\RPCRT4.dll
0x00007ffd586b0000 - 0x00007ffd5885e000 	C:\WINDOWS\System32\USER32.dll
0x00007ffd57d90000 - 0x00007ffd57db6000 	C:\WINDOWS\System32\win32u.dll
0x00007ffd59370000 - 0x00007ffd59399000 	C:\WINDOWS\System32\GDI32.dll
0x00007ffd364e0000 - 0x00007ffd36773000 	C:\WINDOWS\WinSxS\amd64_microsoft.windows.common-controls_6595b64144ccf1df_6.0.22621.3672_none_2713b9d173822955\COMCTL32.dll
0x00007ffd57c70000 - 0x00007ffd57d89000 	C:\WINDOWS\System32\gdi32full.dll
0x00007ffd57f60000 - 0x00007ffd57ffa000 	C:\WINDOWS\System32\msvcp_win.dll
0x00007ffd4fc50000 - 0x00007ffd4fc5a000 	C:\WINDOWS\SYSTEM32\VERSION.dll
0x00007ffd59f20000 - 0x00007ffd59f51000 	C:\WINDOWS\System32\IMM32.DLL
0x00007ffd4d860000 - 0x00007ffd4d86c000 	C:\Program Files\Java\jdk-21\bin\vcruntime140_1.dll
0x00007ffd18e70000 - 0x00007ffd18efe000 	C:\Program Files\Java\jdk-21\bin\msvcp140.dll
0x00007ffcc1ef0000 - 0x00007ffcc2c03000 	C:\Program Files\Java\jdk-21\bin\server\jvm.dll
0x00007ffd58000000 - 0x00007ffd58071000 	C:\WINDOWS\System32\WS2_32.dll
0x00007ffd574b0000 - 0x00007ffd574fd000 	C:\WINDOWS\SYSTEM32\POWRPROF.dll
0x00007ffd50360000 - 0x00007ffd50394000 	C:\WINDOWS\SYSTEM32\WINMM.dll
0x00007ffd57490000 - 0x00007ffd574a3000 	C:\WINDOWS\SYSTEM32\UMPDC.dll
0x00007ffd56620000 - 0x00007ffd56638000 	C:\WINDOWS\SYSTEM32\kernel.appcore.dll
0x00007ffd48c80000 - 0x00007ffd48c8a000 	C:\Program Files\Java\jdk-21\bin\jimage.dll
0x00007ffd55020000 - 0x00007ffd55252000 	C:\WINDOWS\SYSTEM32\DBGHELP.DLL
0x00007ffd58320000 - 0x00007ffd586ad000 	C:\WINDOWS\System32\combase.dll
0x00007ffd58f00000 - 0x00007ffd58fd7000 	C:\WINDOWS\System32\OLEAUT32.dll
0x00007ffd4ece0000 - 0x00007ffd4ed12000 	C:\WINDOWS\SYSTEM32\dbgcore.DLL
0x00007ffd57660000 - 0x00007ffd576db000 	C:\WINDOWS\System32\bcryptPrimitives.dll
0x00007ffd40ea0000 - 0x00007ffd40eaf000 	C:\Program Files\Java\jdk-21\bin\instrument.dll
0x00007ffd39830000 - 0x00007ffd3984f000 	C:\Program Files\Java\jdk-21\bin\java.dll
0x00007ffd59550000 - 0x00007ffd59db8000 	C:\WINDOWS\System32\SHELL32.dll
0x00007ffd55540000 - 0x00007ffd55e3e000 	C:\WINDOWS\SYSTEM32\windows.storage.dll
0x00007ffd55400000 - 0x00007ffd5553f000 	C:\WINDOWS\SYSTEM32\wintypes.dll
0x00007ffd58970000 - 0x00007ffd58a69000 	C:\WINDOWS\System32\SHCORE.dll
0x00007ffd58ff0000 - 0x00007ffd5904e000 	C:\WINDOWS\System32\shlwapi.dll
0x00007ffd57520000 - 0x00007ffd57541000 	C:\WINDOWS\SYSTEM32\profapi.dll
0x00007ffd18d90000 - 0x00007ffd18e67000 	C:\Program Files\Java\jdk-21\bin\jsvml.dll
0x00007ffd306c0000 - 0x00007ffd306d8000 	C:\Program Files\Java\jdk-21\bin\zip.dll
0x00007ffd48950000 - 0x00007ffd48960000 	C:\Program Files\Java\jdk-21\bin\net.dll
0x00007ffd514f0000 - 0x00007ffd51626000 	C:\WINDOWS\SYSTEM32\WINHTTP.dll
0x00007ffd56a90000 - 0x00007ffd56af9000 	C:\WINDOWS\system32\mswsock.dll
0x00007ffd31d40000 - 0x00007ffd31d56000 	C:\Program Files\Java\jdk-21\bin\nio.dll
0x00007ffd2fa00000 - 0x00007ffd2fa1a000 	C:\ JetBrains\IntelliJ IDEA 2024.2\bin\breakgen64.dll
0x00007ffd41280000 - 0x00007ffd41289000 	C:\Program Files\Java\jdk-21\bin\extnet.dll
0x00007ffd56110000 - 0x00007ffd56208000 	C:\WINDOWS\SYSTEM32\DNSAPI.dll
0x00007ffd560e0000 - 0x00007ffd5610d000 	C:\WINDOWS\SYSTEM32\IPHLPAPI.DLL
0x00007ffd58a70000 - 0x00007ffd58a79000 	C:\WINDOWS\System32\NSI.dll
0x00007ffd51630000 - 0x00007ffd5163a000 	C:\Windows\System32\rasadhlp.dll
0x00007ffd4f900000 - 0x00007ffd4f983000 	C:\WINDOWS\System32\fwpuclnt.dll
0x00007ffd485e0000 - 0x00007ffd485ea000 	C:\Program Files\Java\jdk-21\bin\management.dll
0x00007ffd482f0000 - 0x00007ffd482fb000 	C:\Program Files\Java\jdk-21\bin\management_ext.dll
0x00007ffd5a280000 - 0x00007ffd5a288000 	C:\WINDOWS\System32\PSAPI.DLL
0x00007ffd56cf0000 - 0x00007ffd56d0b000 	C:\WINDOWS\SYSTEM32\CRYPTSP.dll
0x00007ffd56580000 - 0x00007ffd565b5000 	C:\WINDOWS\system32\rsaenh.dll
0x00007ffd56b90000 - 0x00007ffd56bb8000 	C:\WINDOWS\SYSTEM32\USERENV.dll
0x00007ffd56d10000 - 0x00007ffd56d1c000 	C:\WINDOWS\SYSTEM32\CRYPTBASE.dll
0x00007ffd3b0f0000 - 0x00007ffd3b107000 	C:\WINDOWS\system32\napinsp.dll
0x00007ffd3a430000 - 0x00007ffd3a44b000 	C:\WINDOWS\system32\pnrpnsp.dll
0x00007ffd394b0000 - 0x00007ffd394c1000 	C:\WINDOWS\System32\winrnr.dll
0x00007ffd4f8e0000 - 0x00007ffd4f8f5000 	C:\WINDOWS\system32\wshbth.dll
0x00007ffd39480000 - 0x00007ffd394a7000 	C:\WINDOWS\system32\nlansp_c.dll
0x00007ffd2dab0000 - 0x00007ffd2db09000 	C:\WINDOWS\SYSTEM32\pdh.dll
0x00007ffd40620000 - 0x00007ffd40631000 	C:\WINDOWS\System32\perfproc.dll

dbghelp: loaded successfully - version: 4.0.5 - missing functions: none
symbol engine: initialized successfully - sym options: 0x614 - pdb path: .;C:\Program Files\Java\jdk-21\bin;C:\WINDOWS\SYSTEM32;C:\Program Files\AVG\Antivirus;C:\WINDOWS\WinSxS\amd64_microsoft.windows.common-controls_6595b64144ccf1df_6.0.22621.3672_none_2713b9d173822955;C:\Program Files\Java\jdk-21\bin\server;C:\ JetBrains\IntelliJ IDEA 2024.2\bin

VM Arguments:
jvm_args: -javaagent:C:\ JetBrains\IntelliJ IDEA 2024.2\lib\idea_rt.jar=51938:C:\ JetBrains\IntelliJ IDEA 2024.2\bin -Dfile.encoding=UTF-8 -Dsun.stdout.encoding=UTF-8 -Dsun.stderr.encoding=UTF-8 
java_command: iuh.fit.se.TestRectangle
java_class_path (initial): D:\MyCode\SecondPrj\out\production\SecondPrj
Launcher Type: SUN_STANDARD

[Global flags]
     intx CICompilerCount                          = 3                                         {product} {ergonomic}
     uint ConcGCThreads                            = 1                                         {product} {ergonomic}
     uint G1ConcRefinementThreads                  = 4                                         {product} {ergonomic}
   size_t G1HeapRegionSize                         = 1048576                                   {product} {ergonomic}
    uintx GCDrainStackTargetSize                   = 64                                        {product} {ergonomic}
   size_t InitialHeapSize                          = 62914560                                  {product} {ergonomic}
   size_t MarkStackSize                            = 4194304                                   {product} {ergonomic}
   size_t MaxHeapSize                              = 1004535808                                {product} {ergonomic}
   size_t MaxNewSize                               = 601882624                                 {product} {ergonomic}
   size_t MinHeapDeltaBytes                        = 1048576                                   {product} {ergonomic}
   size_t MinHeapSize                              = 8388608                                   {product} {ergonomic}
    uintx NonNMethodCodeHeapSize                   = 5832780                                {pd product} {ergonomic}
    uintx NonProfiledCodeHeapSize                  = 122912730                              {pd product} {ergonomic}
    uintx ProfiledCodeHeapSize                     = 122912730                              {pd product} {ergonomic}
    uintx ReservedCodeCacheSize                    = 251658240                              {pd product} {ergonomic}
     bool SegmentedCodeCache                       = true                                      {product} {ergonomic}
   size_t SoftMaxHeapSize                          = 1004535808                             {manageable} {ergonomic}
     bool UseCompressedOops                        = true                           {product lp64_product} {ergonomic}
     bool UseG1GC                                  = true                                      {product} {ergonomic}
     bool UseLargePagesIndividualAllocation        = false                                  {pd product} {ergonomic}

Logging:
Log output configuration:
 #0: stdout all=warning uptime,level,tags foldmultilines=false
 #1: stderr all=off uptime,level,tags foldmultilines=false

Environment Variables:
PATH=C:\Program Files\Common Files\Oracle\Java\javapath;C:\WINDOWS\system32;C:\WINDOWS;C:\WINDOWS\System32\Wbem;C:\WINDOWS\System32\WindowsPowerShell\v1.0\;C:\WINDOWS\System32\OpenSSH\;C:\Program Files\dotnet\;C:\Git\cmd;C:\Users\LAPTOP DELL\AppData\Local\Microsoft\WindowsApps;;C:\ JetBrains\IntelliJ IDEA 2024.2\bin;
USERNAME=LAPTOP DELL
OS=Windows_NT
PROCESSOR_IDENTIFIER=Intel64 Family 6 Model 140 Stepping 1, GenuineIntel
TMP=C:\Users\LAPTOP~1\AppData\Local\Temp
TEMP=C:\Users\LAPTOP~1\AppData\Local\Temp




Periodic native trim disabled

---------------  S Y S T E M  ---------------

OS:
 Windows 11 , 64 bit Build 22621 (10.0.22621.3958)
OS uptime: 3 days 2:23 hours

CPU: total 4 (initial active 4) (2 cores per cpu, 2 threads per core) family 6 model 140 stepping 1 microcode 0xb4, cx8, cmov, fxsr, ht, mmx, 3dnowpref, sse, sse2, sse3, ssse3, sse4.1, sse4.2, popcnt, lzcnt, tsc, tscinvbit, avx, avx2, aes, erms, clmul, bmi1, bmi2, adx, avx512f, avx512dq, avx512cd, avx512bw, avx512vl, sha, fma, vzeroupper, avx512_vpopcntdq, avx512_vpclmulqdq, avx512_vaes, avx512_vnni, clflush, clflushopt, clwb, avx512_vbmi2, avx512_vbmi, rdtscp, rdpid, fsrm, gfni, avx512_bitalg, f16c, pku, cet_ibt, cet_ss, avx512_ifma
Processor Information for all 4 processors :
  Max Mhz: 2995, Current Mhz: 2995, Mhz Limit: 2995

Memory: 4k page, system-wide physical 3830M (54M free)
TotalPageFile size 15606M (AvailPageFile size 5M)
current process WorkingSet (physical memory assigned to process): 33M, peak: 74M
current process commit charge ("private bytes"): 158M, peak: 159M

vm_info: Java HotSpot(TM) 64-Bit Server VM (21.0.4+8-LTS-274) for windows-amd64 JRE (21.0.4+8-LTS-274), built on 2024-06-05T05:23:33Z by "mach5one" with MS VC++ 17.6 (VS2022)

END.
